Build started 2/10/2020 2:52:20 PM.
     1>Project "D:\Research\ThriftDemo\ThriftDemoGeneratedCode\ThriftDemoGeneratedCode.vcxproj" on node 2 (Build target(s)).
     1>InitializeBuildStatus:
         Creating "x64\Debug\ThriftDe.72DDEB4C.tlog\unsuccessfulbuild" because "AlwaysCreate" was specified.
       ClCompile:
         C:\Program Files (x86)\Microsoft Visual Studio 14.0\VC\bin\x86_amd64\CL.exe /c /I"D:\gitclones\vcpkgmaster\installed\x64-windows\include" /I.\ /ZI /nologo /W3 /WX- /Od /D _DEBUG /D _LIB /D _UNICODE /D UNICODE /Gm /EHsc /RTC1 /MDd /GS /Zc:wchar_t /Zc:forScope /Zc:inline /Fo"x64\Debug\\" /Fd"x64\Debug\ThriftDemoGeneratedCode.pdb" /Gd /TP /errorReport:prompt CThriftDemoInterface.cpp MyType_constants.cpp MyType_types.cpp ThriftDemoInterface_constants.cpp ThriftDemoInterface_types.cpp
         ThriftDemoInterface_types.cpp
         The use of BOOST_*_ENDIAN and BOOST_BYTE_ORDER is deprecated. Please include <boost/predef/other/endian.h> and use BOOST_ENDIAN_*_BYTE instead
         ThriftDemoInterface_constants.cpp
         The use of BOOST_*_ENDIAN and BOOST_BYTE_ORDER is deprecated. Please include <boost/predef/other/endian.h> and use BOOST_ENDIAN_*_BYTE instead
         MyType_types.cpp
         The use of BOOST_*_ENDIAN and BOOST_BYTE_ORDER is deprecated. Please include <boost/predef/other/endian.h> and use BOOST_ENDIAN_*_BYTE instead
         MyType_constants.cpp
         The use of BOOST_*_ENDIAN and BOOST_BYTE_ORDER is deprecated. Please include <boost/predef/other/endian.h> and use BOOST_ENDIAN_*_BYTE instead
         CThriftDemoInterface.cpp
         The use of BOOST_*_ENDIAN and BOOST_BYTE_ORDER is deprecated. Please include <boost/predef/other/endian.h> and use BOOST_ENDIAN_*_BYTE instead
         Generating Code...
       Lib:
         C:\Program Files (x86)\Microsoft Visual Studio 14.0\VC\bin\x86_amd64\Lib.exe /OUT:"D:\Research\ThriftDemo\x64\Debug\ThriftDemoGeneratedCode.lib" /NOLOGO /MACHINE:X64 x64\Debug\CThriftDemoInterface.obj
         x64\Debug\MyType_constants.obj
         x64\Debug\MyType_types.obj
         x64\Debug\ThriftDemoInterface_constants.obj
         x64\Debug\ThriftDemoInterface_types.obj
         ThriftDemoGeneratedCode.vcxproj -> D:\Research\ThriftDemo\x64\Debug\ThriftDemoGeneratedCode.lib
       CopyFilesToOutputDirectory:
         Copying file from "x64\Debug\ThriftDemoGeneratedCode.pdb" to "D:\Research\ThriftDemo\x64\Debug\ThriftDemoGeneratedCode.pdb".
       FinalizeBuildStatus:
         Deleting file "x64\Debug\ThriftDe.72DDEB4C.tlog\unsuccessfulbuild".
         Touching "x64\Debug\ThriftDe.72DDEB4C.tlog\ThriftDemoGeneratedCode.lastbuildstate".
     1>Done Building Project "D:\Research\ThriftDemo\ThriftDemoGeneratedCode\ThriftDemoGeneratedCode.vcxproj" (Build target(s)).

Build succeeded.

Time Elapsed 00:00:09.60
